This is pdfTeXk, Version 3.141592-1.40.3 (Web2C 7.5.6) (format=latex 2017.12.14)  12 OCT 2018 18:20
entering extended mode
 %&-line parsing enabled.
**./images.tex
(./images.tex
LaTeX2e <2005/12/01>
Babel <v3.8h> and hyphenation patterns for english, usenglishmax, dumylang, noh
yphenation, arabic, basque, bulgarian, coptic, welsh, czech, slovak, german, ng
erman, danish, esperanto, spanish, catalan, galician, estonian, farsi, finnish,
 french, greek, monogreek, ancientgreek, croatian, hungarian, interlingua, ibyc
us, indonesian, icelandic, italian, latin, mongolian, dutch, norsk, polish, por
tuguese, pinyin, romanian, russian, slovenian, uppersorbian, serbian, swedish, 
turkish, ukenglish, ukrainian, loaded.

(/usr/share/texmf/tex/latex/base/article.cls
Document Class: article 2005/09/16 v1.4f Standard LaTeX document class
(/usr/share/texmf/tex/latex/base/size10.clo
File: size10.clo 2005/09/16 v1.4f Standard LaTeX file (size option)
)
\c@part=\count79
\c@section=\count80
\c@subsection=\count81
\c@subsubsection=\count82
\c@paragraph=\count83
\c@subparagraph=\count84
\c@figure=\count85
\c@table=\count86
\abovecaptionskip=\skip41
\belowcaptionskip=\skip42
\bibindent=\dimen102
) (/usr/share/texmf/tex/latex/base/ifthen.sty
Package: ifthen 2001/05/26 v1.1c Standard LaTeX ifthen package (DPC)
) (/home/qa/git/gurobi/docs/gurobidoc.sty (/usr/share/texmf/tex/latex/listings/
listings.sty (/usr/share/texmf/tex/latex/graphics/keyval.sty
Package: keyval 1999/03/16 v1.13 key=value parser (DPC)
\KV@toks@=\toks14
)
\lst@mode=\count87
\lst@gtempboxa=\box26
\lst@token=\toks15
\lst@length=\count88
\lst@currlwidth=\dimen103
\lst@column=\count89
\lst@pos=\count90
\lst@lostspace=\dimen104
\lst@width=\dimen105
\lst@newlines=\count91
\lst@lineno=\count92
\c@lstlisting=\count93
\lst@maxwidth=\dimen106
(/usr/share/texmf/tex/latex/listings/lstpatch.sty
File: lstpatch.sty 2004/10/17 1.3b (Carsten Heinz)
) (/usr/share/texmf/tex/latex/listings/lstmisc.sty
File: lstmisc.sty 2004/09/07 1.3 (Carsten Heinz)
\c@lstnumber=\count94
\lst@skipnumbers=\count95
\lst@framebox=\box27
) (/usr/share/texmf/tex/latex/listings/listings.cfg
File: listings.cfg 2004/09/05 1.3 listings configuration
))
Package: listings 2004/10/17 1.3b (Carsten Heinz)
(/usr/share/texmf/tex/latex/graphics/color.sty
Package: color 2005/11/14 v1.0j Standard LaTeX Color (DPC)
(/usr/share/texmf/tex/latex/config/color.cfg
File: color.cfg 2007/01/18 v1.5 color configuration of teTeX/TeXLive
)
Package color Info: Driver file: dvips.def on input line 130.
(/usr/share/texmf/tex/latex/graphics/dvips.def
File: dvips.def 1999/02/16 v3.0i Driver-dependant file (DPC,SPQR)
) (/usr/share/texmf/tex/latex/graphics/dvipsnam.def
File: dvipsnam.def 1999/02/16 v3.0i Driver-dependant file (DPC,SPQR)
)) (/usr/share/texmf/tex/latex/amsfonts/amssymb.sty
Package: amssymb 2002/01/22 v2.2d
(/usr/share/texmf/tex/latex/amsfonts/amsfonts.sty
Package: amsfonts 2001/10/25 v2.2f
\@emptytoks=\toks16
\symAMSa=\mathgroup4
\symAMSb=\mathgroup5
LaTeX Font Info:    Overwriting math alphabet `\mathfrak' in version `bold'
(Font)                  U/euf/m/n --> U/euf/b/n on input line 132.
)) (/usr/share/texmf/tex/latex/xcolor/xcolor.sty
Package: xcolor 2007/01/21 v2.11 LaTeX color extensions (UK)
(/usr/share/texmf/tex/latex/config/color.cfg
File: color.cfg 2007/01/18 v1.5 color configuration of teTeX/TeXLive
)
Package xcolor Info: Package option `usenames' ignored on input line 216.
Package xcolor Info: Package option `divpsnames' ignored on input line 216.
Package xcolor Info: Driver file: dvips.def on input line 225.
LaTeX Info: Redefining \color on input line 702.
Package xcolor Info: Model `cmy' substituted by `cmy0' on input line 1337.
Package xcolor Info: Model `RGB' extended on input line 1353.
Package xcolor Info: Model `HTML' substituted by `rgb' on input line 1355.
Package xcolor Info: Model `Hsb' substituted by `hsb' on input line 1356.
Package xcolor Info: Model `tHsb' substituted by `hsb' on input line 1357.
Package xcolor Info: Model `HSB' substituted by `hsb' on input line 1358.
Package xcolor Info: Model `Gray' substituted by `gray' on input line 1359.
Package xcolor Info: Model `wave' substituted by `hsb' on input line 1360.
(/usr/share/texmf/tex/latex/xcolor/svgnam.def
File: svgnam.def 2007/01/21 v2.11 Predefined colors according to SVG 1.1 (UK)
))
Package: gurobidoc 
(/usr/share/texmf/tex/latex/listings/lstlang1.sty
File: lstlang1.sty 2004/09/05 1.3 listings language file
) (/usr/share/texmf/tex/latex/listings/lstlang2.sty
File: lstlang2.sty 2004/09/05 1.3 listings language file
) (/usr/share/texmf/tex/latex/listings/lstlang3.sty
File: lstlang3.sty 2004/09/05 1.3 listings language file
) (/usr/share/texmf/tex/latex/listings/lstmisc.sty
File: lstmisc.sty 2004/09/07 1.3 (Carsten Heinz)
)) (/usr/share/texmf/tex/latex/html/html.sty
Package: html 1999/07/19 v1.38 hypertext commands for latex2html (nd, hws, rrm)

\c@lpart=\count96
\c@lchapter=\count97
\c@chapter=\count98
\c@lsection=\count99
\c@lsubsection=\count100
\c@lsubsubsection=\count101
\c@lparagraph=\count102
\c@lsubparagraph=\count103
\c@lsubsubparagraph=\count104
\ptrfile=\write3
) (/usr/share/texmf/tex/latex/tools/xspace.sty
Package: xspace 2006/05/08 v1.12 Space after command names (DPC,MH)
) (/usr/share/texmf/tex/latex/graphics/graphicx.sty
Package: graphicx 1999/02/16 v1.0f Enhanced LaTeX Graphics (DPC,SPQR)
(/usr/share/texmf/tex/latex/graphics/graphics.sty
Package: graphics 2006/02/20 v1.0o Standard LaTeX Graphics (DPC,SPQR)
(/usr/share/texmf/tex/latex/graphics/trig.sty
Package: trig 1999/03/16 v1.09 sin cos tan (DPC)
) (/usr/share/texmf/tex/latex/config/graphics.cfg
File: graphics.cfg 2007/01/18 v1.5 graphics configuration of teTeX/TeXLive
)
Package graphics Info: Driver file: dvips.def on input line 90.
)
\Gin@req@height=\dimen107
\Gin@req@width=\dimen108
) (/usr/share/texmf/tex/latex/tools/verbatim.sty
Package: verbatim 2003/08/22 v1.5q LaTeX2e package for verbatim enhancements
\every@verbatim=\toks17
\verbatim@line=\toks18
\verbatim@in@stream=\read1
) (/usr/share/texmf/tex/latex/fancyvrb/fancyvrb.sty
Package: fancyvrb 2008/02/07

Style option: `fancyvrb' v2.7a, with DG/SPQR fixes, and firstline=lastline fix 
<2008/02/07> (tvz)
\FV@CodeLineNo=\count105
\FV@InFile=\read2
\FV@TabBox=\box28
\c@FancyVerbLine=\count106
\FV@StepNumber=\count107
\FV@OutFile=\write4
) (/usr/share/texmf/tex/latex/base/inputenc.sty
Package: inputenc 2006/05/05 v1.1b Input encoding file
\inpenc@prehook=\toks19
\inpenc@posthook=\toks20
(/usr/share/texmf/tex/latex/base/latin1.def
File: latin1.def 2006/05/05 v1.1b Input encoding file
))
\sizebox=\box29
\lthtmlwrite=\write5
No file images.aux.
\openout1 = `images.aux'.

LaTeX Font Info:    Checking defaults for OML/cmm/m/it on input line 997.
LaTeX Font Info:    ... okay on input line 997.
LaTeX Font Info:    Checking defaults for T1/cmr/m/n on input line 997.
LaTeX Font Info:    ... okay on input line 997.
LaTeX Font Info:    Checking defaults for OT1/cmr/m/n on input line 997.
LaTeX Font Info:    ... okay on input line 997.
LaTeX Font Info:    Checking defaults for OMS/cmsy/m/n on input line 997.
LaTeX Font Info:    ... okay on input line 997.
LaTeX Font Info:    Checking defaults for OMX/cmex/m/n on input line 997.
LaTeX Font Info:    ... okay on input line 997.
LaTeX Font Info:    Checking defaults for U/cmr/m/n on input line 997.
LaTeX Font Info:    ... okay on input line 997.

latex2htmlLength hsize=349.0pt

latex2htmlLength vsize=633.0pt

latex2htmlLength hoffset=0.0pt

latex2htmlLength voffset=0.0pt

latex2htmlLength topmargin=0.0pt

latex2htmlLength topskip=0.00003pt

latex2htmlLength headheight=0.0pt

latex2htmlLength headsep=0.0pt

latex2htmlLength parskip=0.0pt plus 1.0pt

latex2htmlLength oddsidemargin=62.0pt

latex2htmlLength evensidemargin=62.0pt

LaTeX Font Info:    Try loading font information for U+msa on input line 1074.
(/usr/share/texmf/tex/latex/amsfonts/umsa.fd
File: umsa.fd 2002/01/19 v2.2g AMS font definitions
)
LaTeX Font Info:    Try loading font information for U+msb on input line 1074.
(/usr/share/texmf/tex/latex/amsfonts/umsb.fd
File: umsb.fd 2002/01/19 v2.2g AMS font definitions
)
l2hSize :tex2html_wrap_inline7789:8.0pt::8.0pt::99.58786pt.
[1



]
l2hSize :tex2html_wrap_inline7791:6.45831pt::0.0pt::5.2894pt.
[2


]
l2hSize :tex2html_wrap_inline7793:6.95831pt::6.95831pt::44.08209pt.
[3


]
l2hSize :tex2html_wrap_inline7795:6.45831pt::0.0pt::4.82759pt.
[4


]
l2hSize :tex2html_wrap_inline7799:6.45831pt::0.0pt::6.50238pt.
[5


]
l2hSize :tex2html_wrap_inline7801:6.95831pt::6.95831pt::10.42886pt.
[6


]
l2hSize :tex2html_wrap_inline7805:8.0pt::8.0pt::97.6434pt.
[7


]
l2hSize :tex2html_wrap_inline7821:8.0pt::8.0pt::48.83795pt.
[8


]
l2hSize :tex2html_wrap_inline7825:6.45831pt::0.0pt::6.2153pt.
[9


]
l2hSize :tex2html_wrap_inline7831:8.0pt::8.0pt::88.31587pt.
[10


]
l2hSize :tex2html_wrap_inline7835:6.45831pt::0.0pt::5.50005pt.
[11


]
l2hSize :tex2html_wrap_inline7841:6.45831pt::0.0pt::5.50005pt.
[12


]
l2hSize :tex2html_wrap_inline7851:8.0pt::8.0pt::81.1214pt.
[13


]
l2hSize :tex2html_wrap_inline7871:8.91226pt::8.91226pt::75.37694pt.
[14


]
l2hSize :tex2html_wrap_inline7873:6.45831pt::0.0pt::5.59033pt.
[15


]
l2hSize :tex2html_wrap_inline7875:8.0pt::8.0pt::43.13887pt.
[16


]
l2hSize :tex2html_wrap_inline7877:8.91226pt::8.91226pt::35.42572pt.
[17


]
l2hSize :tex2html_wrap_inline7879:7.44444pt::7.44444pt::42.11797pt.
[18


]
l2hSize :tex2html_wrap_inline7881:6.45831pt::0.0pt::8.27783pt.
[19


]
l2hSize :tex2html_wrap_inline7883:6.95831pt::6.95831pt::8.27783pt.
[20


]
l2hSize :tex2html_wrap_inline7889:7.44444pt::7.44444pt::6.47229pt.
[21


]
l2hSize :tex2html_wrap_inline7899:6.95831pt::6.95831pt::9.99948pt.
[22


]
l2hSize :tex2html_wrap_inline7901:8.91226pt::8.91226pt::72.82062pt.
[23


]
l2hSize :tex2html_wrap_inline7905:7.33331pt::7.33331pt::8.40558pt.
[24


]
l2hSize :tex2html_wrap_inline7907:8.91226pt::8.91226pt::41.31117pt.
[25


]
l2hSize :tex2html_wrap_inline7911:6.95831pt::6.95831pt::5.76163pt.
[26


]
l2hSize :tex2html_wrap_inline7913:8.91226pt::8.91226pt::41.91534pt.
[27


]
l2hSize :tex2html_wrap_inline7921:8.64003pt::8.64003pt::70.74992pt.
[28


]
l2hSize :tex2html_wrap_inline7935:8.0pt::8.0pt::19.96536pt.
[29


]
l2hSize :tex2html_wrap_inline7937:8.0pt::8.0pt::22.72227pt.
[30


]
l2hSize :tex2html_wrap_inline7939:8.0pt::8.0pt::22.72227pt.
[31


]
l2hSize :tex2html_wrap_inline7941:8.0pt::8.0pt::22.72227pt.
[32


]
l2hSize :tex2html_wrap_inline7947:8.0pt::8.0pt::37.58334pt.
[33


]
l2hSize :tex2html_wrap_inline7949:8.0pt::8.0pt::37.58334pt.
[34


]
l2hSize :tex2html_wrap_inline7951:8.0pt::8.0pt::37.58334pt.
[35


]
l2hSize :tex2html_wrap_inline7955:8.0pt::8.0pt::45.36115pt.
[36


]
l2hSize :tex2html_wrap_inline7957:8.0pt::8.0pt::37.58334pt.
[37


]
l2hSize :displaymath7785:14.5pt::0.0pt::349.0pt.
[38


]
l2hSize :displaymath7786:61.00061pt::0.0pt::349.0pt.
[39


]
l2hSize :tex2html_wrap_inline18362:6.94444pt::0.0pt::31.92699pt.
[40


]
l2hSize :tex2html_wrap_inline18364:6.83331pt::0.0pt::8.58684pt.
[41


]
l2hSize :tex2html_wrap_inline18366:6.94444pt::0.0pt::4.79169pt.
[42


]
l2hSize :tex2html_wrap_inline18370:8.41226pt::0.0pt::38.22664pt.
[43


]
l2hSize :tex2html_wrap_inline18372:8.41226pt::0.0pt::14.88649pt.
[44


]
l2hSize :tex2html_wrap_inline18378:7.33331pt::7.33331pt::39.3489pt.
[45


]
l2hSize :tex2html_wrap_inline18382:7.33331pt::7.33331pt::12.21361pt.
[46


]
l2hSize :tex2html_wrap_inline18384:6.83331pt::0.0pt::8.00005pt.
[47


]
l2hSize :tex2html_wrap_inline18386:7.09525pt::7.09525pt::5.19052pt.
[48


]
l2hSize :tex2html_wrap_inline18390:6.59525pt::0.0pt::3.94516pt.
[49


]
l2hSize :tex2html_wrap_inline18392:8.14003pt::0.0pt::26.823pt.
[50


]
l2hSize :tex2html_wrap_inline18394:8.14003pt::0.0pt::19.32298pt.
[51


]
l2hSize :tex2html_wrap_inline82791:6.45831pt::0.0pt::10.50005pt.
[52


]
l2hSize :displaymath86895:14.5pt::0.0pt::349.0pt.
[53


]
l2hSize :tex2html_wrap_inline92355:6.45831pt::0.0pt::28.43747pt.
[54


]
l2hSize :tex2html_wrap_inline92357:6.45831pt::0.0pt::38.00346pt.
[55


]
l2hSize :tex2html_wrap_inline92875:8.91226pt::8.91226pt::90.8115pt.
[56


]
l2hSize :tex2html_wrap_inline92877:6.94444pt::0.0pt::31.3402pt.
[57


]
l2hSize :tex2html_wrap_inline92879:7.44444pt::7.44444pt::42.77301pt.
[58


]
l2hSize :tex2html_wrap_inline92883:8.91226pt::8.91226pt::93.68987pt.
[59


]
l2hSize :tex2html_wrap_inline92885:6.95831pt::6.95831pt::9.54459pt.
[60


]
l2hSize :tex2html_wrap_inline93732:7.44444pt::7.44444pt::24.38899pt.
[61


]
l2hSize :displaymath95495:14.5pt::0.0pt::349.0pt.
[62


]
l2hSize :tex2html_wrap_inline95507:6.95831pt::6.95831pt::18.27785pt.
[63


]
l2hSize :displaymath95496:14.5pt::0.0pt::349.0pt.
[64


]
l2hSize :tex2html_wrap_inline95511:6.45831pt::0.0pt::10.50005pt.
[65


]
l2hSize :displaymath95497:14.5pt::0.0pt::349.0pt.
[66


]
l2hSize :displaymath95498:14.5pt::0.0pt::349.0pt.
[67


]
l2hSize :displaymath95499:14.5pt::0.0pt::349.0pt.
[68


]
l2hSize :displaymath95500:17.50006pt::0.0pt::349.0pt.
[69


]
l2hSize :tex2html_wrap_inline95521:8.0pt::8.0pt::39.02095pt.
[70


]
l2hSize :tex2html_wrap_inline95523:8.00006pt::8.00006pt::138.09633pt.
[71


]
l2hSize :tex2html_wrap_inline95527:6.95831pt::6.95831pt::8.27783pt.
[72


]
l2hSize :tex2html_wrap_inline95539:8.0pt::8.0pt::142.40628pt.
[73


]
l2hSize :tex2html_wrap_inline95541:7.44444pt::7.44444pt::47.25356pt.
[74


]
l2hSize :tex2html_wrap_inline95543:7.44444pt::7.44444pt::33.90974pt.
[75


]
l2hSize :tex2html_wrap_inline102074:6.95831pt::6.95831pt::57.1226pt.
[76


]
l2hSize :tex2html_wrap_inline102076:6.95831pt::6.95831pt::24.81012pt.
[77


]
l2hSize :tex2html_wrap_inline102078:6.95831pt::6.95831pt::23.69904pt.
[78


]
l2hSize :tex2html_wrap_inline102080:7.44444pt::7.44444pt::42.40964pt.
[79


]
l2hSize :tex2html_wrap_inline102086:6.83331pt::0.0pt::11.29169pt.
[80


]
l2hSize :tex2html_wrap_inline102094:8.64003pt::8.64003pt::88.31703pt.
[81


]
l2hSize :tex2html_wrap_inline102114:8.0pt::8.0pt::99.0647pt.
[82


]
l2hSize :tex2html_wrap_inline102118:6.95831pt::6.95831pt::43.55893pt.
[83


]
l2hSize :tex2html_wrap_inline102122:8.0pt::8.0pt::130.33759pt.
[84


]
l2hSize :tex2html_wrap_inline102124:8.0pt::8.0pt::103.94908pt.
[85


]
l2hSize :tex2html_wrap_inline102126:6.45831pt::0.0pt::5.50005pt.
[86


]
l2hSize :tex2html_wrap_inline102128:6.45831pt::0.0pt::5.50005pt.
[87


]
l2hSize :tex2html_wrap_inline102134:6.45831pt::0.0pt::13.27785pt.
[88


]
l2hSize :tex2html_wrap_inline102136:8.0pt::8.0pt::97.12024pt.
[89


]
l2hSize :tex2html_wrap_inline102150:8.0pt::8.0pt::67.67116pt.
[90


]
l2hSize :tex2html_wrap_inline102154:8.0pt::8.0pt::87.79271pt.
[91


]
l2hSize :tex2html_wrap_inline102164:8.0pt::8.0pt::130.33759pt.
[92


]
l2hSize :tex2html_wrap_inline102166:8.0pt::8.0pt::84.22684pt.
[93


]
l2hSize :tex2html_wrap_inline102168:8.0pt::8.0pt::80.59824pt.
[94


]
l2hSize :tex2html_wrap_inline102178:8.91226pt::8.91226pt::75.54823pt.
[95


]
l2hSize :tex2html_wrap_inline102186:7.44444pt::7.44444pt::25.06711pt.
[96


]
l2hSize :tex2html_wrap_inline102188:7.44444pt::7.44444pt::42.28926pt.
[97


]
l2hSize :displaymath102072:73.0pt::0.0pt::349.0pt.
[98


]
l2hSize :tex2html_wrap_inline102196:8.0pt::8.0pt::99.0647pt.
[99


]
l2hSize :tex2html_wrap_inline102204:6.95831pt::6.95831pt::27.73433pt.
[100


]
l2hSize :tex2html_wrap_inline102206:8.0pt::8.0pt::99.0647pt.
[101


]
l2hSize :tex2html_wrap_inline102208:8.0pt::8.0pt::46.03067pt.
[102


]
l2hSize :tex2html_wrap_inline102210:6.95831pt::6.95831pt::9.4011pt.
[103


]
l2hSize :tex2html_wrap_inline102212:6.95831pt::6.95831pt::9.36409pt.
[104


]
l2hSize :tex2html_wrap_inline102214:6.95831pt::6.95831pt::70.48706pt.
[105


]
l2hSize :tex2html_wrap_inline102222:6.95831pt::6.95831pt::28.55145pt.
[106


]
l2hSize :tex2html_wrap_inline102226:6.45831pt::0.0pt::22.95018pt.
[107


]
l2hSize :eqnarraystar102046:28.35971pt::0.0pt::349.0pt.
[108


]
l2hSize :tex2html_wrap_inline102232:6.95831pt::6.95831pt::27.37846pt.
[109


]
l2hSize :tex2html_wrap_inline105824:6.94444pt::0.0pt::6.02087pt.
[110


]
l2hSize :displaymath105816:26.77086pt::0.0pt::349.0pt.
[111


]
l2hSize :tex2html_wrap_inline105834:7.44444pt::7.44444pt::25.01729pt.
[112


]
l2hSize :tex2html_wrap_inline105836:7.33331pt::7.33331pt::11.51917pt.
[113


]
l2hSize :tex2html_wrap_inline105840:7.33331pt::7.33331pt::11.54137pt.
[114


]
l2hSize :tex2html_wrap_inline105844:7.44444pt::7.44444pt::27.99591pt.
[115


]
l2hSize :tex2html_wrap_inline105850:7.44444pt::7.44444pt::27.99591pt.
[116


]
l2hSize :tex2html_wrap_inline105856:6.95831pt::6.95831pt::28.33272pt.
[117


]
l2hSize :tex2html_wrap_inline105858:7.33331pt::7.33331pt::34.8746pt.
[118


]
l2hSize :tex2html_wrap_inline105860:6.95831pt::6.95831pt::28.33272pt.
[119


]
l2hSize :tex2html_wrap_inline105862:7.33331pt::7.33331pt::42.6302pt.
[120


]
l2hSize :tex2html_wrap_inline105866:7.44444pt::7.44444pt::6.68405pt.
[121


]
l2hSize :tex2html_wrap_inline105868:6.94444pt::0.0pt::6.33339pt.
[122


]
l2hSize :displaymath105817:37.0pt::0.0pt::349.0pt.
[123


]
l2hSize :displaymath105818:37.0pt::0.0pt::349.0pt.
[124


]
l2hSize :tex2html_wrap_inline105872:6.95831pt::6.95831pt::8.27783pt.
[125


]
l2hSize :tex2html_wrap_inline105874:6.95831pt::6.95831pt::16.05556pt.
[126


]
l2hSize :tex2html_wrap_inline105876:6.95831pt::6.95831pt::8.27783pt.
[127


]
l2hSize :tex2html_wrap_inline105878:6.95831pt::6.95831pt::16.05556pt.
[128


]
l2hSize :tex2html_wrap_inline105926:8.91226pt::8.91226pt::35.42572pt.
[129


]
l2hSize :tex2html_wrap_inline105928:8.91226pt::8.91226pt::52.33536pt.
[130


]
l2hSize :tex2html_wrap_inline105930:8.91226pt::8.91226pt::34.71048pt.
[131


]
l2hSize :tex2html_wrap_inline105942:8.91226pt::8.91226pt::35.00795pt.
[132


]
l2hSize :tex2html_wrap_inline105944:8.91226pt::8.91226pt::52.32039pt.
[133


]
l2hSize :tex2html_wrap_inline105950:8.91226pt::8.91226pt::34.6596pt.
[134


]
l2hSize :tex2html_wrap_inline105988:8.0pt::8.0pt::11.1459pt.
[135


]
l2hSize :tex2html_wrap_inline107817:6.45831pt::0.0pt::9.28017pt.
[136


]
l2hSize :tex2html_wrap_inline107819:6.94444pt::0.0pt::17.5429pt.
[137


]
l2hSize :tex2html_wrap_inline107823:6.45831pt::0.0pt::13.45491pt.
[138


]
l2hSize :tex2html_wrap_inline107827:6.83331pt::0.0pt::9.56946pt.
[139


]
l2hSize :tex2html_wrap_inline107839:6.83331pt::0.0pt::15.47572pt.
[140


]
l2hSize :tex2html_wrap_inline107851:6.83331pt::0.0pt::58.50595pt.
[141


]
l2hSize :tex2html_wrap_inline107853:6.45831pt::0.0pt::52.53378pt.
[142


]
l2hSize :tex2html_wrap_inline112406:8.64003pt::8.64003pt::31.19446pt.
[143


]
l2hSize :tex2html_wrap_inline115466:8.64003pt::8.64003pt::222.22206pt.
[144


]
l2hSize :tex2html_wrap_inline115468:8.14003pt::0.0pt::34.05565pt.
[145


]
l2hSize :tex2html_wrap_inline115470:6.83331pt::0.0pt::53.08331pt.
[146


]
l2hSize :tex2html_wrap_inline115472:8.14003pt::0.0pt::29.05563pt.
[147


]
l2hSize :displaymath115355:61.0pt::0.0pt::349.0pt.
[148


]
l2hSize :tex2html_wrap_inline116023:8.41226pt::0.0pt::21.79971pt.
[149


]
l2hSize :tex2html_wrap_inline116748:6.95831pt::6.95831pt::45.9212pt.
[150


]
l2hSize :tex2html_wrap_inline116750:6.95831pt::6.95831pt::28.07408pt.
[151


]
l2hSize :tex2html_wrap_inline116752:6.95831pt::6.95831pt::13.27785pt.
[152


]
l2hSize :tex2html_wrap_inline116756:8.0pt::8.0pt::199.85597pt.
[153


]
l2hSize :tex2html_wrap_inline116758:8.14003pt::0.0pt::14.98619pt.
[154


]
l2hSize :tex2html_wrap_inline116762:6.45831pt::0.0pt::10.50006pt.
[155


]
l2hSize :tex2html_wrap_inline116764:6.45831pt::0.0pt::5.50005pt.
[156


]
l2hSize :tex2html_wrap_inline116766:6.45831pt::0.0pt::15.50008pt.
[157


]
l2hSize :tex2html_wrap_inline116772:6.45831pt::0.0pt::10.50006pt.
[158


]
l2hSize :tex2html_wrap_inline116774:6.45831pt::0.0pt::15.50008pt.
[159


]
l2hSize :tex2html_wrap_inline116784:8.0pt::8.0pt::34.38893pt.
[160


]
l2hSize :tex2html_wrap_inline116786:8.0pt::8.0pt::72.72238pt.
[161


]
l2hSize :tex2html_wrap_inline116788:8.0pt::8.0pt::34.38893pt.
[162


]
l2hSize :tex2html_wrap_inline116792:8.0pt::8.0pt::147.44437pt.
[163


]
l2hSize :eqnarraystar117427:28.94444pt::0.0pt::349.0pt.
[164


]
l2hSize :displaymath117952:13.94444pt::0.0pt::349.0pt.
[165


]
l2hSize :eqnarraystar117429:27.0pt::0.0pt::349.0pt.
[166


]
l2hSize :tex2html_wrap_inline117990:6.95831pt::6.95831pt::55.92111pt.
[167


]
l2hSize :eqnarraystar117431:28.94444pt::0.0pt::349.0pt.
[168


]
l2hSize :displaymath117953:13.94444pt::0.0pt::349.0pt.
[169


]
l2hSize :eqnarraystar117433:27.83333pt::0.0pt::349.0pt.
[170


]
l2hSize :tex2html_wrap_inline117992:6.95831pt::6.95831pt::47.03229pt.
[171


]
l2hSize :tex2html_wrap_inline117994:8.64003pt::8.64003pt::72.99986pt.
[172


]
l2hSize :tex2html_wrap_inline118002:6.95831pt::6.95831pt::8.27783pt.
[173


]
l2hSize :tex2html_wrap_inline118004:7.44444pt::7.44444pt::36.34819pt.
[174


]
l2hSize :tex2html_wrap_inline118010:6.95831pt::6.95831pt::35.93042pt.
[175


]
l2hSize :displaymath117954:37.0pt::0.0pt::349.0pt.
[176


]
l2hSize :tex2html_wrap_inline118016:8.14003pt::0.0pt::21.2362pt.
[177


]
l2hSize :tex2html_wrap_inline118018:8.14003pt::0.0pt::21.2362pt.
[178


]
l2hSize :tex2html_wrap_inline118020:8.14003pt::0.0pt::14.98619pt.
[179


]
l2hSize :tex2html_wrap_inline118022:8.14003pt::0.0pt::21.2362pt.
[180


]
l2hSize :tex2html_wrap_inline118024:8.64003pt::8.64003pt::77.68755pt.
[181


]
l2hSize :tex2html_wrap_inline118026:8.64003pt::8.64003pt::73.15977pt.
[182


]
l2hSize :tex2html_wrap_inline118028:8.14003pt::0.0pt::25.22234pt.
[183


]
l2hSize :displaymath117955:14.5pt::0.0pt::349.0pt.
[184


]
l2hSize :tex2html_wrap_inline118030:6.83331pt::0.0pt::9.05698pt.
[185


]
l2hSize :tex2html_wrap_inline118032:7.44444pt::7.44444pt::48.38274pt.
[186


]
l2hSize :tex2html_wrap_inline118034:8.0pt::8.0pt::16.08687pt.
[187


]
l2hSize :tex2html_wrap_inline118036:8.0pt::8.0pt::21.95174pt.
[188


]
l2hSize :displaymath117956:14.5pt::0.0pt::349.0pt.
[189


]
l2hSize :tex2html_wrap_inline118040:8.14003pt::0.0pt::14.98619pt.
[190


]
l2hSize :tex2html_wrap_inline118044:8.14003pt::0.0pt::18.97232pt.
[191


]
l2hSize :tex2html_wrap_inline118048:6.83331pt::0.0pt::8.30907pt.
[192


]
l2hSize :tex2html_wrap_inline118050:8.0pt::8.0pt::23.37509pt.
[193


]
l2hSize :tex2html_wrap_inline118054:8.0pt::8.0pt::23.37509pt.
[194


]
l2hSize :tex2html_wrap_inline118056:8.81667pt::8.81667pt::102.0625pt.
[195


]
l2hSize :tex2html_wrap_inline118064:8.14003pt::0.0pt::25.22234pt.
[196


]
l2hSize :eqnarraystar117552:43.94444pt::0.0pt::349.0pt.
[197


]
l2hSize :tex2html_wrap_inline118066:8.64003pt::8.64003pt::45.72235pt.
[198


]
l2hSize :tex2html_wrap_inline118070:8.14003pt::0.0pt::14.98619pt.
[199


]
l2hSize :eqnarraystar117556:43.94444pt::0.0pt::349.0pt.
[200


]
l2hSize :tex2html_wrap_inline118074:8.14003pt::0.0pt::42.55551pt.
[201


]
l2hSize :tex2html_wrap_inline118076:8.64003pt::8.64003pt::45.72235pt.
[202


]
l2hSize :tex2html_wrap_inline118078:8.64003pt::8.64003pt::45.72235pt.
[203


]
l2hSize :eqnarraystar117564:29.5pt::0.0pt::349.0pt.
[204


]
l2hSize :eqnarraystar117567:104.5pt::0.0pt::349.0pt.
[205


]
l2hSize :tex2html_wrap_inline118080:8.64003pt::8.64003pt::87.21288pt.
[206


]
l2hSize :eqnarraystar117573:42.0pt::0.0pt::349.0pt.
[207


]
l2hSize :tex2html_wrap_inline118082:8.64003pt::8.64003pt::47.89818pt.
[208


]
l2hSize :tex2html_wrap_inline118086:8.64003pt::8.64003pt::29.014pt.
[209


]
l2hSize :tex2html_wrap_inline118090:8.64003pt::8.64003pt::29.014pt.
[210


]
l2hSize :eqnarraystar117580:44.5pt::0.0pt::349.0pt.
[211


]
l2hSize :tex2html_wrap_inline118094:6.95831pt::6.95831pt::76.8728pt.
[212


]
l2hSize :tex2html_wrap_inline118100:6.45831pt::0.0pt::23.27788pt.
[213


]
l2hSize :eqnarraystar117585:44.5pt::0.0pt::349.0pt.
[214


]
l2hSize :tex2html_wrap_inline118116:6.95831pt::6.95831pt::37.32635pt.
[215


]
l2hSize :tex2html_wrap_inline118120:6.95831pt::6.95831pt::63.6988pt.
[216


]
l2hSize :tex2html_wrap_inline118122:8.14003pt::0.0pt::14.98619pt.
[217


]
l2hSize :displaymath117957:14.5pt::0.0pt::349.0pt.
[218


]
l2hSize :tex2html_wrap_inline118124:8.14003pt::0.0pt::18.97232pt.
[219


]
l2hSize :tex2html_wrap_inline118126:8.14003pt::0.0pt::21.2362pt.
[220


]
l2hSize :tex2html_wrap_inline118130:6.45831pt::0.0pt::13.27785pt.
[221


]
l2hSize :tex2html_wrap_inline118134:8.14003pt::0.0pt::25.22234pt.
[222


]
l2hSize :tex2html_wrap_inline118144:8.14003pt::0.0pt::23.02785pt.
[223


]
l2hSize :tex2html_wrap_inline118148:6.45831pt::0.0pt::5.16321pt.
[224


]
l2hSize :tex2html_wrap_inline118150:8.64003pt::8.64003pt::47.69096pt.
[225


]
l2hSize :displaymath117958:25.26462pt::0.0pt::349.0pt.
[226


]
l2hSize :displaymath117959:20.88885pt::0.0pt::349.0pt.
[227


]
l2hSize :displaymath117960:23.06902pt::0.0pt::349.0pt.
[228


]
l2hSize :tex2html_wrap_inline118158:7.44444pt::7.44444pt::21.59041pt.
[229


]
l2hSize :tex2html_wrap_inline118160:7.44444pt::7.44444pt::20.08345pt.
[230


]
l2hSize :displaymath117961:24.62459pt::0.0pt::349.0pt.
[231


]
l2hSize :tex2html_wrap_inline118164:8.99002pt::8.99002pt::49.79285pt.
[232


]
l2hSize :tex2html_wrap_inline118174:6.45831pt::0.0pt::6.26161pt.
[233


]
l2hSize :displaymath117962:25.0pt::0.0pt::349.0pt.
[234


]
l2hSize :displaymath117963:61.0pt::0.0pt::349.0pt.
[235


]
l2hSize :tex2html_wrap_inline118178:8.43448pt::8.43448pt::65.53464pt.
[236


]
l2hSize :displaymath117964:20.41858pt::0.0pt::349.0pt.
[237


]
l2hSize :tex2html_wrap_inline118180:7.14444pt::0.0pt::4.82759pt.
[238


]
l2hSize :tex2html_wrap_inline118182:6.88586pt::0.0pt::10.81253pt.
[239


]
l2hSize :tex2html_wrap_inline118186:7.14444pt::0.0pt::10.54286pt.
[240


]
l2hSize :tex2html_wrap_inline118196:9.81749pt::9.81749pt::62.42001pt.
[241


]
l2hSize :tex2html_wrap_inline118198:10.01749pt::10.01749pt::57.26837pt.
[242


]
l2hSize :tex2html_wrap_inline118200:9.70636pt::9.70636pt::50.0798pt.
[243


]
l2hSize :tex2html_wrap_inline118202:7.33331pt::7.33331pt::14.86118pt.
[244


]
l2hSize :tex2html_wrap_inline118204:6.95831pt::6.95831pt::24.54854pt.
[245


]
l2hSize :tex2html_wrap_inline118206:6.95831pt::6.95831pt::49.54861pt.
[246


]
l2hSize :tex2html_wrap_inline118208:6.95831pt::6.95831pt::46.69545pt.
[247


]
l2hSize :tex2html_wrap_inline118210:6.95831pt::6.95831pt::71.69553pt.
[248


]
l2hSize :displaymath117965:61.0pt::0.0pt::349.0pt.
[249


]
l2hSize :tex2html_wrap_inline118212:8.14003pt::0.0pt::10.70143pt.
[250


]
l2hSize :tex2html_wrap_inline118214:8.14003pt::0.0pt::10.70143pt.
[251


]
l2hSize :tex2html_wrap_inline118220:8.14003pt::0.0pt::10.70143pt.
[252


]
l2hSize :displaymath117966:61.0pt::0.0pt::349.0pt.
[253


]
l2hSize :tex2html_wrap_inline118248:8.0pt::8.0pt::22.72227pt.
[254


]
l2hSize :tex2html_wrap_inline118250:8.0pt::8.0pt::22.72227pt.
[255


]
l2hSize :tex2html_wrap_inline118252:8.64003pt::8.64003pt::32.20842pt.
[256


]
l2hSize :tex2html_wrap_inline118254:8.64003pt::8.64003pt::32.20842pt.
[257


]
l2hSize :tex2html_wrap_inline118260:8.64003pt::8.64003pt::36.87152pt.
[258


]
l2hSize :displaymath117967:49.0pt::0.0pt::349.0pt.
[259


]
l2hSize :tex2html_wrap_inline118270:7.33331pt::7.33331pt::14.86118pt.
[260


]
l2hSize :tex2html_wrap_inline118272:7.33331pt::7.33331pt::14.86118pt.
[261


]
l2hSize :tex2html_wrap_inline118274:8.94843pt::8.94843pt::47.7541pt.
[262


]
l2hSize :tex2html_wrap_inline118288:8.0pt::8.0pt::39.21176pt.
[263


]
l2hSize :tex2html_wrap_inline118290:9.29842pt::9.29842pt::66.94548pt.
[264


]
l2hSize :tex2html_wrap_inline118292:7.33331pt::7.33331pt::11.79173pt.
[265


]
l2hSize :displaymath117968:22.12459pt::0.0pt::349.0pt.
[266


]
l2hSize :tex2html_wrap_inline118294:6.94444pt::0.0pt::5.32294pt.
[267


]
l2hSize :tex2html_wrap_inline118308:8.0pt::8.0pt::30.32297pt.
[268


]
l2hSize :tex2html_wrap_inline118310:8.94843pt::8.94843pt::86.00131pt.
[269


]
l2hSize :tex2html_wrap_inline118312:8.0pt::8.0pt::33.31937pt.
[270


]
l2hSize :tex2html_wrap_inline118316:8.94843pt::8.94843pt::6.88615pt.
[271


]
l2hSize :tex2html_wrap_inline118318:8.94843pt::8.94843pt::10.66429pt.
[272


]
l2hSize :displaymath117969:20.0pt::0.0pt::349.0pt.
[273


]
l2hSize :tex2html_wrap_inline118322:8.64003pt::8.64003pt::33.58101pt.
[274


]
l2hSize :tex2html_wrap_inline118326:8.14003pt::0.0pt::21.2362pt.
[275


]
l2hSize :displaymath117970:21.21983pt::0.0pt::349.0pt.
[276


]
l2hSize :tex2html_wrap_inline118332:8.14003pt::0.0pt::12.20839pt.
[277


]
l2hSize :tex2html_wrap_inline118336:8.0pt::8.0pt::28.27785pt.
[278


]
l2hSize :tex2html_wrap_inline118344:7.64444pt::7.64444pt::9.31372pt.
[279


]
l2hSize :tex2html_wrap_inline118352:8.0pt::8.0pt::44.86919pt.
[280


]
l2hSize :tex2html_wrap_inline118356:8.0pt::8.0pt::44.86919pt.
[281


] (./images.aux) ) 
Here is how much of TeX's memory you used:
 4049 strings out of 256215
 54267 string characters out of 1917022
 137624 words of memory out of 1500000
 7312 multiletter control sequences out of 10000+200000
 5843 words of font info for 25 fonts, out of 1200000 for 2000
 645 hyphenation exceptions out of 8191
 33i,9n,38p,350b,218s stack positions out of 5000i,500n,6000p,200000b,15000s

Output written on images.dvi (281 pages, 70720 bytes).
